<?xml version="1.0" encoding="UTF-8"?>
<testng-results skipped="0" failed="0" total="2" passed="2">
  <reporter-output>
  </reporter-output>
  <suite name="Default suite" duration-ms="31537" started-at="2016-05-30T12:01:21Z" finished-at="2016-05-30T12:01:53Z">
    <groups>
    </groups>
    <test name="Default test" duration-ms="31537" started-at="2016-05-30T12:01:21Z" finished-at="2016-05-30T12:01:53Z">
      <class name="Test.TestNG">
        <test-method status="PASS" signature="myBrowser()[pri:0, instance:Test.TestNG@59fa1d9b]" name="myBrowser" is-config="true" duration-ms="40088" started-at="2016-05-30T19:00:41Z" finished-at="2016-05-30T19:01:21Z">
          <reporter-output>
          </reporter-output>
        </test-method> <!-- myBrowser -->
        <test-method status="PASS" signature="openTab()[pri:0, instance:Test.TestNG@59fa1d9b]" name="openTab" is-config="true" duration-ms="1" started-at="2016-05-30T19:01:21Z" finished-at="2016-05-30T19:01:21Z">
          <reporter-output>
          </reporter-output>
        </test-method> <!-- openTab -->
        <test-method status="PASS" signature="navigateTo()[pri:0, instance:Test.TestNG@59fa1d9b]" name="navigateTo" is-config="true" duration-ms="1" started-at="2016-05-30T19:01:21Z" finished-at="2016-05-30T19:01:21Z">
          <reporter-output>
          </reporter-output>
        </test-method> <!-- navigateTo -->
        <test-method status="PASS" signature="tabOne()[pri:0, instance:Test.TestNG@59fa1d9b]" name="tabOne" duration-ms="4629" started-at="2016-05-30T19:01:21Z" finished-at="2016-05-30T19:01:26Z">
          <reporter-output>
          </reporter-output>
        </test-method> <!-- tabOne -->
        <test-method status="PASS" signature="navigateBack()[pri:0, instance:Test.TestNG@59fa1d9b]" name="navigateBack" is-config="true" duration-ms="2" started-at="2016-05-30T19:01:26Z" finished-at="2016-05-30T19:01:26Z">
          <reporter-output>
          </reporter-output>
        </test-method> <!-- navigateBack -->
        <test-method status="PASS" signature="navigateTo()[pri:0, instance:Test.TestNG@59fa1d9b]" name="navigateTo" is-config="true" duration-ms="1" started-at="2016-05-30T19:01:26Z" finished-at="2016-05-30T19:01:26Z">
          <reporter-output>
          </reporter-output>
        </test-method> <!-- navigateTo -->
        <test-method status="PASS" signature="tabTwo()[pri:0, instance:Test.TestNG@59fa1d9b]" name="tabTwo" duration-ms="26854" started-at="2016-05-30T19:01:26Z" finished-at="2016-05-30T19:01:53Z">
          <reporter-output>
          </reporter-output>
        </test-method> <!-- tabTwo -->
        <test-method status="PASS" signature="navigateBack()[pri:0, instance:Test.TestNG@59fa1d9b]" name="navigateBack" is-config="true" duration-ms="1" started-at="2016-05-30T19:01:53Z" finished-at="2016-05-30T19:01:53Z">
          <reporter-output>
          </reporter-output>
        </test-method> <!-- navigateBack -->
        <test-method status="PASS" signature="closeTab()[pri:0, instance:Test.TestNG@59fa1d9b]" name="closeTab" is-config="true" duration-ms="0" started-at="2016-05-30T19:01:53Z" finished-at="2016-05-30T19:01:53Z">
          <reporter-output>
          </reporter-output>
        </test-method> <!-- closeTab -->
        <test-method status="PASS" signature="closeBrowser()[pri:0, instance:Test.TestNG@59fa1d9b]" name="closeBrowser" is-config="true" duration-ms="1148" started-at="2016-05-30T19:01:53Z" finished-at="2016-05-30T19:01:54Z">
          <reporter-output>
          </reporter-output>
        </test-method> <!-- closeBrowser -->
      </class> <!-- Test.TestNG -->
    </test> <!-- Default test -->
  </suite> <!-- Default suite -->
</testng-results>
