<?xml version="1.0" encoding="UTF-8"?>
<testng-results skipped="0" failed="0" total="1" passed="1">
  <reporter-output>
  </reporter-output>
  <suite name="Default suite" duration-ms="27738" started-at="2016-06-13T13:03:23Z" finished-at="2016-06-13T13:03:51Z">
    <groups>
    </groups>
    <test name="Default test" duration-ms="27738" started-at="2016-06-13T13:03:23Z" finished-at="2016-06-13T13:03:51Z">
      <class name="Test.TestNG">
        <test-method status="PASS" signature="myBrowser()[pri:0, instance:Test.TestNG@59fa1d9b]" name="myBrowser" is-config="true" duration-ms="35472" started-at="2016-06-13T20:02:48Z" finished-at="2016-06-13T20:03:23Z">
          <reporter-output>
          </reporter-output>
        </test-method> <!-- myBrowser -->
        <test-method status="PASS" signature="openTab()[pri:0, instance:Test.TestNG@59fa1d9b]" name="openTab" is-config="true" duration-ms="1" started-at="2016-06-13T20:03:23Z" finished-at="2016-06-13T20:03:23Z">
          <reporter-output>
          </reporter-output>
        </test-method> <!-- openTab -->
        <test-method status="PASS" signature="navigateTo()[pri:0, instance:Test.TestNG@59fa1d9b]" name="navigateTo" is-config="true" duration-ms="1" started-at="2016-06-13T20:03:24Z" finished-at="2016-06-13T20:03:24Z">
          <reporter-output>
          </reporter-output>
        </test-method> <!-- navigateTo -->
        <test-method status="PASS" signature="tabTwo()[pri:0, instance:Test.TestNG@59fa1d9b]" name="tabTwo" duration-ms="27676" started-at="2016-06-13T20:03:24Z" finished-at="2016-06-13T20:03:51Z">
          <reporter-output>
          </reporter-output>
        </test-method> <!-- tabTwo -->
        <test-method status="PASS" signature="navigateBack()[pri:0, instance:Test.TestNG@59fa1d9b]" name="navigateBack" is-config="true" duration-ms="6" started-at="2016-06-13T20:03:51Z" finished-at="2016-06-13T20:03:51Z">
          <reporter-output>
          </reporter-output>
        </test-method> <!-- navigateBack -->
        <test-method status="PASS" signature="closeTab()[pri:0, instance:Test.TestNG@59fa1d9b]" name="closeTab" is-config="true" duration-ms="1" started-at="2016-06-13T20:03:51Z" finished-at="2016-06-13T20:03:51Z">
          <reporter-output>
          </reporter-output>
        </test-method> <!-- closeTab -->
        <test-method status="PASS" signature="closeBrowser()[pri:0, instance:Test.TestNG@59fa1d9b]" name="closeBrowser" is-config="true" duration-ms="1729" started-at="2016-06-13T20:03:51Z" finished-at="2016-06-13T20:03:53Z">
          <reporter-output>
          </reporter-output>
        </test-method> <!-- closeBrowser -->
      </class> <!-- Test.TestNG -->
    </test> <!-- Default test -->
  </suite> <!-- Default suite -->
</testng-results>
